2023-05-16 13:17:35,640 INFO com.xworkz.googlesheetconnection.GooglesheetconnectionApplication [main] Starting GooglesheetconnectionApplication using Java 1.8.0_351 on DESKTOP-FT7DFR5 with PID 16936 (C:\Users\Dell\Desktop\New folder\x-workz\googlesheetconnection\target\classes started by Dell in C:\Users\Dell\Desktop\New folder\x-workz\googlesheetconnection)
2023-05-16 13:17:35,666 DEBUG com.xworkz.googlesheetconnection.GooglesheetconnectionApplication [main] Running with Spring Boot v2.7.10, Spring v5.3.26
2023-05-16 13:17:35,668 INFO com.xworkz.googlesheetconnection.GooglesheetconnectionApplication [main] No active profile set, falling back to 1 default profile: "default"
2023-05-16 13:17:39,556 INFO org.springframework.boot.web.embedded.tomcat.TomcatWebServer [main] Tomcat initialized with port(s): 8080 (http)
2023-05-16 13:17:39,588 INFO org.apache.catalina.core.StandardService [main] Starting service [Tomcat]
2023-05-16 13:17:39,589 INFO org.apache.catalina.core.StandardEngine [main] Starting Servlet engine: [Apache Tomcat/9.0.73]
2023-05-16 13:17:40,152 INFO org.apache.catalina.core.ContainerBase.[Tomcat].[localhost].[/connection] [main] Initializing Spring embedded WebApplicationContext
2023-05-16 13:17:40,153 INFO org.springframework.boot.web.servlet.context.ServletWebServerApplicationContext [main] Root WebApplicationContext: initialization completed in 4270 ms
2023-05-16 13:17:41,630 INFO springfox.documentation.spring.web.PropertySourcedRequestMappingHandlerMapping [main] Mapped URL path [/v2/api-docs] onto method [springfox.documentation.swagger2.web.Swagger2Controller#getDocumentation(String, HttpServletRequest)]
2023-05-16 13:17:42,178 INFO org.springframework.boot.web.embedded.tomcat.TomcatWebServer [main] Tomcat started on port(s): 8080 (http) with context path '/connection'
2023-05-16 13:17:42,179 INFO springfox.documentation.spring.web.plugins.DocumentationPluginsBootstrapper [main] Context refreshed
2023-05-16 13:17:42,233 INFO springfox.documentation.spring.web.plugins.DocumentationPluginsBootstrapper [main] Found 1 custom documentation plugin(s)
2023-05-16 13:17:42,350 INFO springfox.documentation.spring.web.scanners.ApiListingReferenceScanner [main] Scanning for api listing references
2023-05-16 13:17:42,777 INFO springfox.documentation.spring.web.readers.operation.CachingOperationNameGenerator [main] Generating unique operation named: getDataUsingGET_1
2023-05-16 13:17:42,873 INFO com.xworkz.googlesheetconnection.GooglesheetconnectionApplication [main] Started GooglesheetconnectionApplication in 8.434 seconds (JVM running for 9.675)
2023-05-16 13:18:40,118 INFO com.xworkz.googlesheetconnection.GooglesheetconnectionApplication [main] Starting GooglesheetconnectionApplication using Java 1.8.0_351 on DESKTOP-FT7DFR5 with PID 1424 (C:\Users\Dell\Desktop\New folder\x-workz\googlesheetconnection\target\classes started by Dell in C:\Users\Dell\Desktop\New folder\x-workz\googlesheetconnection)
2023-05-16 13:18:40,125 DEBUG com.xworkz.googlesheetconnection.GooglesheetconnectionApplication [main] Running with Spring Boot v2.7.10, Spring v5.3.26
2023-05-16 13:18:40,128 INFO com.xworkz.googlesheetconnection.GooglesheetconnectionApplication [main] No active profile set, falling back to 1 default profile: "default"
2023-05-16 13:18:44,769 INFO org.springframework.boot.web.embedded.tomcat.TomcatWebServer [main] Tomcat initialized with port(s): 8080 (http)
2023-05-16 13:18:44,790 INFO org.apache.catalina.core.StandardService [main] Starting service [Tomcat]
2023-05-16 13:18:44,790 INFO org.apache.catalina.core.StandardEngine [main] Starting Servlet engine: [Apache Tomcat/9.0.73]
2023-05-16 13:18:45,137 INFO org.apache.catalina.core.ContainerBase.[Tomcat].[localhost].[/connection] [main] Initializing Spring embedded WebApplicationContext
2023-05-16 13:18:45,138 INFO org.springframework.boot.web.servlet.context.ServletWebServerApplicationContext [main] Root WebApplicationContext: initialization completed in 4807 ms
2023-05-16 13:18:46,417 INFO springfox.documentation.spring.web.PropertySourcedRequestMappingHandlerMapping [main] Mapped URL path [/v2/api-docs] onto method [springfox.documentation.swagger2.web.Swagger2Controller#getDocumentation(String, HttpServletRequest)]
2023-05-16 13:18:46,962 INFO org.springframework.boot.web.embedded.tomcat.TomcatWebServer [main] Tomcat started on port(s): 8080 (http) with context path '/connection'
2023-05-16 13:18:46,965 INFO springfox.documentation.spring.web.plugins.DocumentationPluginsBootstrapper [main] Context refreshed
2023-05-16 13:18:47,023 INFO springfox.documentation.spring.web.plugins.DocumentationPluginsBootstrapper [main] Found 1 custom documentation plugin(s)
2023-05-16 13:18:47,142 INFO springfox.documentation.spring.web.scanners.ApiListingReferenceScanner [main] Scanning for api listing references
2023-05-16 13:18:47,575 INFO springfox.documentation.spring.web.readers.operation.CachingOperationNameGenerator [main] Generating unique operation named: getDataUsingGET_1
2023-05-16 13:18:47,669 INFO com.xworkz.googlesheetconnection.GooglesheetconnectionApplication [main] Started GooglesheetconnectionApplication in 8.933 seconds (JVM running for 10.257)
2023-05-16 13:29:41,670 INFO com.xworkz.googlesheetconnection.GooglesheetconnectionApplication [main] Starting GooglesheetconnectionApplication using Java 1.8.0_351 on DESKTOP-FT7DFR5 with PID 980 (C:\Users\Dell\Desktop\New folder\x-workz\googlesheetconnection\target\classes started by Dell in C:\Users\Dell\Desktop\New folder\x-workz\googlesheetconnection)
2023-05-16 13:29:41,675 DEBUG com.xworkz.googlesheetconnection.GooglesheetconnectionApplication [main] Running with Spring Boot v2.7.10, Spring v5.3.26
2023-05-16 13:29:41,677 INFO com.xworkz.googlesheetconnection.GooglesheetconnectionApplication [main] No active profile set, falling back to 1 default profile: "default"
2023-05-16 13:29:47,924 INFO org.springframework.boot.web.embedded.tomcat.TomcatWebServer [main] Tomcat initialized with port(s): 8080 (http)
2023-05-16 13:29:47,995 INFO org.apache.catalina.core.StandardService [main] Starting service [Tomcat]
2023-05-16 13:29:47,998 INFO org.apache.catalina.core.StandardEngine [main] Starting Servlet engine: [Apache Tomcat/9.0.73]
2023-05-16 13:29:48,535 INFO org.apache.catalina.core.ContainerBase.[Tomcat].[localhost].[/connection] [main] Initializing Spring embedded WebApplicationContext
2023-05-16 13:29:48,535 INFO org.springframework.boot.web.servlet.context.ServletWebServerApplicationContext [main] Root WebApplicationContext: initialization completed in 6599 ms
2023-05-16 13:29:50,370 INFO springfox.documentation.spring.web.PropertySourcedRequestMappingHandlerMapping [main] Mapped URL path [/v2/api-docs] onto method [springfox.documentation.swagger2.web.Swagger2Controller#getDocumentation(String, HttpServletRequest)]
2023-05-16 13:29:51,183 INFO org.springframework.boot.web.embedded.tomcat.TomcatWebServer [main] Tomcat started on port(s): 8080 (http) with context path '/connection'
2023-05-16 13:29:51,187 INFO springfox.documentation.spring.web.plugins.DocumentationPluginsBootstrapper [main] Context refreshed
2023-05-16 13:29:51,264 INFO springfox.documentation.spring.web.plugins.DocumentationPluginsBootstrapper [main] Found 1 custom documentation plugin(s)
2023-05-16 13:29:51,566 INFO springfox.documentation.spring.web.scanners.ApiListingReferenceScanner [main] Scanning for api listing references
2023-05-16 13:29:52,325 INFO springfox.documentation.spring.web.readers.operation.CachingOperationNameGenerator [main] Generating unique operation named: getDataUsingGET_1
2023-05-16 13:29:52,471 INFO com.xworkz.googlesheetconnection.GooglesheetconnectionApplication [main] Started GooglesheetconnectionApplication in 12.947 seconds (JVM running for 14.482)
2023-05-16 13:31:59,690 INFO org.apache.catalina.core.ContainerBase.[Tomcat].[localhost].[/connection] [http-nio-8080-exec-3] Initializing Spring DispatcherServlet 'dispatcherServlet'
2023-05-16 13:31:59,694 INFO org.springframework.web.servlet.DispatcherServlet [http-nio-8080-exec-3] Initializing Servlet 'dispatcherServlet'
2023-05-16 13:31:59,698 INFO org.springframework.web.servlet.DispatcherServlet [http-nio-8080-exec-3] Completed initialization in 3 ms
2023-05-16 15:39:58,479 INFO com.xworkz.googlesheetconnection.GooglesheetconnectionApplication [main] Starting GooglesheetconnectionApplication using Java 1.8.0_351 on DESKTOP-FT7DFR5 with PID 13548 (C:\Users\Dell\Desktop\New folder\x-workz\googlesheetconnection\target\classes started by Dell in C:\Users\Dell\Desktop\New folder\x-workz\googlesheetconnection)
2023-05-16 15:39:58,487 DEBUG com.xworkz.googlesheetconnection.GooglesheetconnectionApplication [main] Running with Spring Boot v2.7.10, Spring v5.3.26
2023-05-16 15:39:58,488 INFO com.xworkz.googlesheetconnection.GooglesheetconnectionApplication [main] No active profile set, falling back to 1 default profile: "default"
2023-05-16 15:40:05,741 INFO org.springframework.boot.web.embedded.tomcat.TomcatWebServer [main] Tomcat initialized with port(s): 8080 (http)
2023-05-16 15:40:05,772 INFO org.apache.catalina.core.StandardService [main] Starting service [Tomcat]
2023-05-16 15:40:05,773 INFO org.apache.catalina.core.StandardEngine [main] Starting Servlet engine: [Apache Tomcat/9.0.73]
2023-05-16 15:40:06,397 INFO org.apache.catalina.core.ContainerBase.[Tomcat].[localhost].[/connection] [main] Initializing Spring embedded WebApplicationContext
2023-05-16 15:40:06,398 INFO org.springframework.boot.web.servlet.context.ServletWebServerApplicationContext [main] Root WebApplicationContext: initialization completed in 7686 ms
2023-05-16 15:40:08,224 INFO springfox.documentation.spring.web.PropertySourcedRequestMappingHandlerMapping [main] Mapped URL path [/v2/api-docs] onto method [springfox.documentation.swagger2.web.Swagger2Controller#getDocumentation(String, HttpServletRequest)]
2023-05-16 15:40:08,885 INFO org.springframework.boot.web.embedded.tomcat.TomcatWebServer [main] Tomcat started on port(s): 8080 (http) with context path '/connection'
2023-05-16 15:40:08,886 INFO springfox.documentation.spring.web.plugins.DocumentationPluginsBootstrapper [main] Context refreshed
2023-05-16 15:40:08,940 INFO springfox.documentation.spring.web.plugins.DocumentationPluginsBootstrapper [main] Found 1 custom documentation plugin(s)
2023-05-16 15:40:09,069 INFO springfox.documentation.spring.web.scanners.ApiListingReferenceScanner [main] Scanning for api listing references
2023-05-16 15:40:10,247 INFO springfox.documentation.spring.web.readers.operation.CachingOperationNameGenerator [main] Generating unique operation named: getDataUsingGET_1
2023-05-16 15:40:10,430 INFO com.xworkz.googlesheetconnection.GooglesheetconnectionApplication [main] Started GooglesheetconnectionApplication in 13.979 seconds (JVM running for 15.382)
2023-05-16 15:46:35,640 INFO com.xworkz.googlesheetconnection.GooglesheetconnectionApplication [main] Starting GooglesheetconnectionApplication using Java 1.8.0_351 on DESKTOP-FT7DFR5 with PID 11972 (C:\Users\Dell\Desktop\New folder\x-workz\googlesheetconnection\target\classes started by Dell in C:\Users\Dell\Desktop\New folder\x-workz\googlesheetconnection)
2023-05-16 15:46:35,648 DEBUG com.xworkz.googlesheetconnection.GooglesheetconnectionApplication [main] Running with Spring Boot v2.7.10, Spring v5.3.26
2023-05-16 15:46:35,650 INFO com.xworkz.googlesheetconnection.GooglesheetconnectionApplication [main] No active profile set, falling back to 1 default profile: "default"
2023-05-16 15:46:40,114 INFO org.springframework.boot.web.embedded.tomcat.TomcatWebServer [main] Tomcat initialized with port(s): 8080 (http)
2023-05-16 15:46:40,142 INFO org.apache.catalina.core.StandardService [main] Starting service [Tomcat]
2023-05-16 15:46:40,143 INFO org.apache.catalina.core.StandardEngine [main] Starting Servlet engine: [Apache Tomcat/9.0.73]
2023-05-16 15:46:40,504 INFO org.apache.catalina.core.ContainerBase.[Tomcat].[localhost].[/connection] [main] Initializing Spring embedded WebApplicationContext
2023-05-16 15:46:40,504 INFO org.springframework.boot.web.servlet.context.ServletWebServerApplicationContext [main] Root WebApplicationContext: initialization completed in 4621 ms
2023-05-16 15:46:41,892 INFO springfox.documentation.spring.web.PropertySourcedRequestMappingHandlerMapping [main] Mapped URL path [/v2/api-docs] onto method [springfox.documentation.swagger2.web.Swagger2Controller#getDocumentation(String, HttpServletRequest)]
2023-05-16 15:46:42,502 INFO org.springframework.boot.web.embedded.tomcat.TomcatWebServer [main] Tomcat started on port(s): 8080 (http) with context path '/connection'
2023-05-16 15:46:42,505 INFO springfox.documentation.spring.web.plugins.DocumentationPluginsBootstrapper [main] Context refreshed
2023-05-16 15:46:42,570 INFO springfox.documentation.spring.web.plugins.DocumentationPluginsBootstrapper [main] Found 1 custom documentation plugin(s)
2023-05-16 15:46:42,696 INFO springfox.documentation.spring.web.scanners.ApiListingReferenceScanner [main] Scanning for api listing references
2023-05-16 15:46:43,187 INFO springfox.documentation.spring.web.readers.operation.CachingOperationNameGenerator [main] Generating unique operation named: getDataUsingGET_1
2023-05-16 15:46:43,283 INFO com.xworkz.googlesheetconnection.GooglesheetconnectionApplication [main] Started GooglesheetconnectionApplication in 8.993 seconds (JVM running for 10.078)
2023-05-16 15:47:18,733 INFO org.apache.catalina.core.ContainerBase.[Tomcat].[localhost].[/connection] [http-nio-8080-exec-1] Initializing Spring DispatcherServlet 'dispatcherServlet'
2023-05-16 15:47:18,784 INFO org.springframework.web.servlet.DispatcherServlet [http-nio-8080-exec-1] Initializing Servlet 'dispatcherServlet'
2023-05-16 15:47:18,789 INFO org.springframework.web.servlet.DispatcherServlet [http-nio-8080-exec-1] Completed initialization in 5 ms
2023-05-16 16:04:50,459 INFO com.xworkz.googlesheetconnection.GooglesheetconnectionApplication [main] Starting GooglesheetconnectionApplication using Java 1.8.0_351 on DESKTOP-FT7DFR5 with PID 10180 (C:\Users\Dell\Desktop\New folder\x-workz\googlesheetconnection\target\classes started by Dell in C:\Users\Dell\Desktop\New folder\x-workz\googlesheetconnection)
2023-05-16 16:04:50,465 DEBUG com.xworkz.googlesheetconnection.GooglesheetconnectionApplication [main] Running with Spring Boot v2.7.10, Spring v5.3.26
2023-05-16 16:04:50,466 INFO com.xworkz.googlesheetconnection.GooglesheetconnectionApplication [main] No active profile set, falling back to 1 default profile: "default"
2023-05-16 16:04:54,212 INFO org.springframework.boot.web.embedded.tomcat.TomcatWebServer [main] Tomcat initialized with port(s): 8080 (http)
2023-05-16 16:04:54,238 INFO org.apache.catalina.core.StandardService [main] Starting service [Tomcat]
2023-05-16 16:04:54,238 INFO org.apache.catalina.core.StandardEngine [main] Starting Servlet engine: [Apache Tomcat/9.0.73]
2023-05-16 16:04:54,572 INFO org.apache.catalina.core.ContainerBase.[Tomcat].[localhost].[/connection] [main] Initializing Spring embedded WebApplicationContext
2023-05-16 16:04:54,572 INFO org.springframework.boot.web.servlet.context.ServletWebServerApplicationContext [main] Root WebApplicationContext: initialization completed in 3982 ms
2023-05-16 16:04:55,897 INFO springfox.documentation.spring.web.PropertySourcedRequestMappingHandlerMapping [main] Mapped URL path [/v2/api-docs] onto method [springfox.documentation.swagger2.web.Swagger2Controller#getDocumentation(String, HttpServletRequest)]
2023-05-16 16:04:56,458 INFO org.springframework.boot.web.embedded.tomcat.TomcatWebServer [main] Tomcat started on port(s): 8080 (http) with context path '/connection'
2023-05-16 16:04:56,460 INFO springfox.documentation.spring.web.plugins.DocumentationPluginsBootstrapper [main] Context refreshed
2023-05-16 16:04:56,502 INFO springfox.documentation.spring.web.plugins.DocumentationPluginsBootstrapper [main] Found 1 custom documentation plugin(s)
2023-05-16 16:04:56,629 INFO springfox.documentation.spring.web.scanners.ApiListingReferenceScanner [main] Scanning for api listing references
2023-05-16 16:04:57,072 INFO springfox.documentation.spring.web.readers.operation.CachingOperationNameGenerator [main] Generating unique operation named: getDataUsingGET_1
2023-05-16 16:04:57,162 INFO com.xworkz.googlesheetconnection.GooglesheetconnectionApplication [main] Started GooglesheetconnectionApplication in 7.762 seconds (JVM running for 8.878)
2023-05-16 16:05:07,497 INFO org.apache.catalina.core.ContainerBase.[Tomcat].[localhost].[/connection] [http-nio-8080-exec-1] Initializing Spring DispatcherServlet 'dispatcherServlet'
2023-05-16 16:05:07,501 INFO org.springframework.web.servlet.DispatcherServlet [http-nio-8080-exec-1] Initializing Servlet 'dispatcherServlet'
2023-05-16 16:05:07,504 INFO org.springframework.web.servlet.DispatcherServlet [http-nio-8080-exec-1] Completed initialization in 3 ms
2023-05-16 16:06:06,647 INFO com.xworkz.googlesheetconnection.GooglesheetconnectionApplication [main] Starting GooglesheetconnectionApplication using Java 1.8.0_351 on DESKTOP-FT7DFR5 with PID 11812 (C:\Users\Dell\Desktop\New folder\x-workz\googlesheetconnection\target\classes started by Dell in C:\Users\Dell\Desktop\New folder\x-workz\googlesheetconnection)
2023-05-16 16:06:06,653 DEBUG com.xworkz.googlesheetconnection.GooglesheetconnectionApplication [main] Running with Spring Boot v2.7.10, Spring v5.3.26
2023-05-16 16:06:06,654 INFO com.xworkz.googlesheetconnection.GooglesheetconnectionApplication [main] No active profile set, falling back to 1 default profile: "default"
2023-05-16 16:06:11,234 INFO org.springframework.boot.web.embedded.tomcat.TomcatWebServer [main] Tomcat initialized with port(s): 8080 (http)
2023-05-16 16:06:11,256 INFO org.apache.catalina.core.StandardService [main] Starting service [Tomcat]
2023-05-16 16:06:11,257 INFO org.apache.catalina.core.StandardEngine [main] Starting Servlet engine: [Apache Tomcat/9.0.73]
2023-05-16 16:06:11,737 INFO org.apache.catalina.core.ContainerBase.[Tomcat].[localhost].[/connection] [main] Initializing Spring embedded WebApplicationContext
2023-05-16 16:06:11,738 INFO org.springframework.boot.web.servlet.context.ServletWebServerApplicationContext [main] Root WebApplicationContext: initialization completed in 4858 ms
2023-05-16 16:06:13,079 INFO springfox.documentation.spring.web.PropertySourcedRequestMappingHandlerMapping [main] Mapped URL path [/v2/api-docs] onto method [springfox.documentation.swagger2.web.Swagger2Controller#getDocumentation(String, HttpServletRequest)]
2023-05-16 16:06:13,868 INFO org.springframework.boot.web.embedded.tomcat.TomcatWebServer [main] Tomcat started on port(s): 8080 (http) with context path '/connection'
2023-05-16 16:06:13,927 INFO springfox.documentation.spring.web.plugins.DocumentationPluginsBootstrapper [main] Context refreshed
2023-05-16 16:06:14,005 INFO springfox.documentation.spring.web.plugins.DocumentationPluginsBootstrapper [main] Found 1 custom documentation plugin(s)
2023-05-16 16:06:14,242 INFO springfox.documentation.spring.web.scanners.ApiListingReferenceScanner [main] Scanning for api listing references
2023-05-16 16:06:14,849 INFO springfox.documentation.spring.web.readers.operation.CachingOperationNameGenerator [main] Generating unique operation named: getDataUsingGET_1
2023-05-16 16:06:14,951 INFO com.xworkz.googlesheetconnection.GooglesheetconnectionApplication [main] Started GooglesheetconnectionApplication in 9.897 seconds (JVM running for 11.373)
2023-05-16 16:06:23,846 INFO org.apache.catalina.core.ContainerBase.[Tomcat].[localhost].[/connection] [http-nio-8080-exec-1] Initializing Spring DispatcherServlet 'dispatcherServlet'
2023-05-16 16:06:23,852 INFO org.springframework.web.servlet.DispatcherServlet [http-nio-8080-exec-1] Initializing Servlet 'dispatcherServlet'
2023-05-16 16:06:23,856 INFO org.springframework.web.servlet.DispatcherServlet [http-nio-8080-exec-1] Completed initialization in 3 ms
2023-05-16 16:07:32,118 INFO com.xworkz.googlesheetconnection.GooglesheetconnectionApplication [main] Starting GooglesheetconnectionApplication using Java 1.8.0_351 on DESKTOP-FT7DFR5 with PID 10656 (C:\Users\Dell\Desktop\New folder\x-workz\googlesheetconnection\target\classes started by Dell in C:\Users\Dell\Desktop\New folder\x-workz\googlesheetconnection)
2023-05-16 16:07:32,123 DEBUG com.xworkz.googlesheetconnection.GooglesheetconnectionApplication [main] Running with Spring Boot v2.7.10, Spring v5.3.26
2023-05-16 16:07:32,125 INFO com.xworkz.googlesheetconnection.GooglesheetconnectionApplication [main] No active profile set, falling back to 1 default profile: "default"
2023-05-16 16:07:36,253 INFO org.springframework.boot.web.embedded.tomcat.TomcatWebServer [main] Tomcat initialized with port(s): 8080 (http)
2023-05-16 16:07:36,275 INFO org.apache.catalina.core.StandardService [main] Starting service [Tomcat]
2023-05-16 16:07:36,275 INFO org.apache.catalina.core.StandardEngine [main] Starting Servlet engine: [Apache Tomcat/9.0.73]
2023-05-16 16:07:36,662 INFO org.apache.catalina.core.ContainerBase.[Tomcat].[localhost].[/connection] [main] Initializing Spring embedded WebApplicationContext
2023-05-16 16:07:36,662 INFO org.springframework.boot.web.servlet.context.ServletWebServerApplicationContext [main] Root WebApplicationContext: initialization completed in 4352 ms
2023-05-16 16:07:38,016 INFO springfox.documentation.spring.web.PropertySourcedRequestMappingHandlerMapping [main] Mapped URL path [/v2/api-docs] onto method [springfox.documentation.swagger2.web.Swagger2Controller#getDocumentation(String, HttpServletRequest)]
2023-05-16 16:07:38,527 INFO org.springframework.boot.web.embedded.tomcat.TomcatWebServer [main] Tomcat started on port(s): 8080 (http) with context path '/connection'
2023-05-16 16:07:38,530 INFO springfox.documentation.spring.web.plugins.DocumentationPluginsBootstrapper [main] Context refreshed
2023-05-16 16:07:38,569 INFO springfox.documentation.spring.web.plugins.DocumentationPluginsBootstrapper [main] Found 1 custom documentation plugin(s)
2023-05-16 16:07:38,677 INFO springfox.documentation.spring.web.scanners.ApiListingReferenceScanner [main] Scanning for api listing references
2023-05-16 16:07:39,123 INFO springfox.documentation.spring.web.readers.operation.CachingOperationNameGenerator [main] Generating unique operation named: getDataUsingGET_1
2023-05-16 16:07:39,216 INFO com.xworkz.googlesheetconnection.GooglesheetconnectionApplication [main] Started GooglesheetconnectionApplication in 8.336 seconds (JVM running for 9.79)
2023-05-16 16:07:47,871 INFO org.apache.catalina.core.ContainerBase.[Tomcat].[localhost].[/connection] [http-nio-8080-exec-1] Initializing Spring DispatcherServlet 'dispatcherServlet'
2023-05-16 16:07:47,874 INFO org.springframework.web.servlet.DispatcherServlet [http-nio-8080-exec-1] Initializing Servlet 'dispatcherServlet'
2023-05-16 16:07:47,879 INFO org.springframework.web.servlet.DispatcherServlet [http-nio-8080-exec-1] Completed initialization in 4 ms
2023-05-16 16:08:22,796 INFO com.xworkz.googlesheetconnection.GooglesheetconnectionApplication [main] Starting GooglesheetconnectionApplication using Java 1.8.0_351 on DESKTOP-FT7DFR5 with PID 8044 (C:\Users\Dell\Desktop\New folder\x-workz\googlesheetconnection\target\classes started by Dell in C:\Users\Dell\Desktop\New folder\x-workz\googlesheetconnection)
2023-05-16 16:08:22,802 DEBUG com.xworkz.googlesheetconnection.GooglesheetconnectionApplication [main] Running with Spring Boot v2.7.10, Spring v5.3.26
2023-05-16 16:08:22,804 INFO com.xworkz.googlesheetconnection.GooglesheetconnectionApplication [main] No active profile set, falling back to 1 default profile: "default"
2023-05-16 16:08:26,352 INFO org.springframework.boot.web.embedded.tomcat.TomcatWebServer [main] Tomcat initialized with port(s): 8080 (http)
2023-05-16 16:08:26,373 INFO org.apache.catalina.core.StandardService [main] Starting service [Tomcat]
2023-05-16 16:08:26,374 INFO org.apache.catalina.core.StandardEngine [main] Starting Servlet engine: [Apache Tomcat/9.0.73]
2023-05-16 16:08:26,731 INFO org.apache.catalina.core.ContainerBase.[Tomcat].[localhost].[/connection] [main] Initializing Spring embedded WebApplicationContext
2023-05-16 16:08:26,732 INFO org.springframework.boot.web.servlet.context.ServletWebServerApplicationContext [main] Root WebApplicationContext: initialization completed in 3802 ms
2023-05-16 16:08:28,358 INFO springfox.documentation.spring.web.PropertySourcedRequestMappingHandlerMapping [main] Mapped URL path [/v2/api-docs] onto method [springfox.documentation.swagger2.web.Swagger2Controller#getDocumentation(String, HttpServletRequest)]
2023-05-16 16:08:29,221 INFO org.springframework.boot.web.embedded.tomcat.TomcatWebServer [main] Tomcat started on port(s): 8080 (http) with context path '/connection'
2023-05-16 16:08:29,224 INFO springfox.documentation.spring.web.plugins.DocumentationPluginsBootstrapper [main] Context refreshed
2023-05-16 16:08:29,295 INFO springfox.documentation.spring.web.plugins.DocumentationPluginsBootstrapper [main] Found 1 custom documentation plugin(s)
2023-05-16 16:08:29,452 INFO springfox.documentation.spring.web.scanners.ApiListingReferenceScanner [main] Scanning for api listing references
2023-05-16 16:08:30,147 INFO springfox.documentation.spring.web.readers.operation.CachingOperationNameGenerator [main] Generating unique operation named: getDataUsingGET_1
2023-05-16 16:08:30,477 INFO com.xworkz.googlesheetconnection.GooglesheetconnectionApplication [main] Started GooglesheetconnectionApplication in 8.744 seconds (JVM running for 9.839)
2023-05-16 16:08:32,448 INFO org.apache.catalina.core.ContainerBase.[Tomcat].[localhost].[/connection] [http-nio-8080-exec-1] Initializing Spring DispatcherServlet 'dispatcherServlet'
2023-05-16 16:08:32,450 INFO org.springframework.web.servlet.DispatcherServlet [http-nio-8080-exec-1] Initializing Servlet 'dispatcherServlet'
2023-05-16 16:08:32,453 INFO org.springframework.web.servlet.DispatcherServlet [http-nio-8080-exec-1] Completed initialization in 2 ms
2023-05-16 16:09:21,817 INFO com.xworkz.googlesheetconnection.GooglesheetconnectionApplication [main] Starting GooglesheetconnectionApplication using Java 1.8.0_351 on DESKTOP-FT7DFR5 with PID 16120 (C:\Users\Dell\Desktop\New folder\x-workz\googlesheetconnection\target\classes started by Dell in C:\Users\Dell\Desktop\New folder\x-workz\googlesheetconnection)
2023-05-16 16:09:21,823 DEBUG com.xworkz.googlesheetconnection.GooglesheetconnectionApplication [main] Running with Spring Boot v2.7.10, Spring v5.3.26
2023-05-16 16:09:21,824 INFO com.xworkz.googlesheetconnection.GooglesheetconnectionApplication [main] No active profile set, falling back to 1 default profile: "default"
2023-05-16 16:09:26,969 INFO org.springframework.boot.web.embedded.tomcat.TomcatWebServer [main] Tomcat initialized with port(s): 8080 (http)
2023-05-16 16:09:26,994 INFO org.apache.catalina.core.StandardService [main] Starting service [Tomcat]
2023-05-16 16:09:26,995 INFO org.apache.catalina.core.StandardEngine [main] Starting Servlet engine: [Apache Tomcat/9.0.73]
2023-05-16 16:09:27,321 INFO org.apache.catalina.core.ContainerBase.[Tomcat].[localhost].[/connection] [main] Initializing Spring embedded WebApplicationContext
2023-05-16 16:09:27,322 INFO org.springframework.boot.web.servlet.context.ServletWebServerApplicationContext [main] Root WebApplicationContext: initialization completed in 5375 ms
2023-05-16 16:09:28,924 INFO springfox.documentation.spring.web.PropertySourcedRequestMappingHandlerMapping [main] Mapped URL path [/v2/api-docs] onto method [springfox.documentation.swagger2.web.Swagger2Controller#getDocumentation(String, HttpServletRequest)]
2023-05-16 16:09:29,511 INFO org.springframework.boot.web.embedded.tomcat.TomcatWebServer [main] Tomcat started on port(s): 8080 (http) with context path '/connection'
2023-05-16 16:09:29,513 INFO springfox.documentation.spring.web.plugins.DocumentationPluginsBootstrapper [main] Context refreshed
2023-05-16 16:09:29,561 INFO springfox.documentation.spring.web.plugins.DocumentationPluginsBootstrapper [main] Found 1 custom documentation plugin(s)
2023-05-16 16:09:29,674 INFO springfox.documentation.spring.web.scanners.ApiListingReferenceScanner [main] Scanning for api listing references
2023-05-16 16:09:30,129 INFO springfox.documentation.spring.web.readers.operation.CachingOperationNameGenerator [main] Generating unique operation named: getDataUsingGET_1
2023-05-16 16:09:30,226 INFO com.xworkz.googlesheetconnection.GooglesheetconnectionApplication [main] Started GooglesheetconnectionApplication in 9.558 seconds (JVM running for 10.955)
2023-05-16 16:09:33,218 INFO org.apache.catalina.core.ContainerBase.[Tomcat].[localhost].[/connection] [http-nio-8080-exec-1] Initializing Spring DispatcherServlet 'dispatcherServlet'
2023-05-16 16:09:33,228 INFO org.springframework.web.servlet.DispatcherServlet [http-nio-8080-exec-1] Initializing Servlet 'dispatcherServlet'
2023-05-16 16:09:33,230 INFO org.springframework.web.servlet.DispatcherServlet [http-nio-8080-exec-1] Completed initialization in 2 ms
2023-05-16 16:10:04,461 INFO com.xworkz.googlesheetconnection.GooglesheetconnectionApplication [main] Starting GooglesheetconnectionApplication using Java 1.8.0_351 on DESKTOP-FT7DFR5 with PID 9276 (C:\Users\Dell\Desktop\New folder\x-workz\googlesheetconnection\target\classes started by Dell in C:\Users\Dell\Desktop\New folder\x-workz\googlesheetconnection)
2023-05-16 16:10:04,469 DEBUG com.xworkz.googlesheetconnection.GooglesheetconnectionApplication [main] Running with Spring Boot v2.7.10, Spring v5.3.26
2023-05-16 16:10:04,470 INFO com.xworkz.googlesheetconnection.GooglesheetconnectionApplication [main] No active profile set, falling back to 1 default profile: "default"
2023-05-16 16:10:10,045 INFO org.springframework.boot.web.embedded.tomcat.TomcatWebServer [main] Tomcat initialized with port(s): 8080 (http)
2023-05-16 16:10:10,067 INFO org.apache.catalina.core.StandardService [main] Starting service [Tomcat]
2023-05-16 16:10:10,067 INFO org.apache.catalina.core.StandardEngine [main] Starting Servlet engine: [Apache Tomcat/9.0.73]
2023-05-16 16:10:10,372 INFO org.apache.catalina.core.ContainerBase.[Tomcat].[localhost].[/connection] [main] Initializing Spring embedded WebApplicationContext
2023-05-16 16:10:10,373 INFO org.springframework.boot.web.servlet.context.ServletWebServerApplicationContext [main] Root WebApplicationContext: initialization completed in 5696 ms
2023-05-16 16:10:11,613 INFO springfox.documentation.spring.web.PropertySourcedRequestMappingHandlerMapping [main] Mapped URL path [/v2/api-docs] onto method [springfox.documentation.swagger2.web.Swagger2Controller#getDocumentation(String, HttpServletRequest)]
2023-05-16 16:10:12,164 INFO org.springframework.boot.web.embedded.tomcat.TomcatWebServer [main] Tomcat started on port(s): 8080 (http) with context path '/connection'
2023-05-16 16:10:12,166 INFO springfox.documentation.spring.web.plugins.DocumentationPluginsBootstrapper [main] Context refreshed
2023-05-16 16:10:12,215 INFO springfox.documentation.spring.web.plugins.DocumentationPluginsBootstrapper [main] Found 1 custom documentation plugin(s)
2023-05-16 16:10:12,347 INFO springfox.documentation.spring.web.scanners.ApiListingReferenceScanner [main] Scanning for api listing references
2023-05-16 16:10:12,939 INFO springfox.documentation.spring.web.readers.operation.CachingOperationNameGenerator [main] Generating unique operation named: getDataUsingGET_1
2023-05-16 16:10:13,061 INFO com.xworkz.googlesheetconnection.GooglesheetconnectionApplication [main] Started GooglesheetconnectionApplication in 9.918 seconds (JVM running for 11.388)
2023-05-16 16:10:19,076 INFO org.apache.catalina.core.ContainerBase.[Tomcat].[localhost].[/connection] [http-nio-8080-exec-1] Initializing Spring DispatcherServlet 'dispatcherServlet'
2023-05-16 16:10:19,077 INFO org.springframework.web.servlet.DispatcherServlet [http-nio-8080-exec-1] Initializing Servlet 'dispatcherServlet'
2023-05-16 16:10:19,084 INFO org.springframework.web.servlet.DispatcherServlet [http-nio-8080-exec-1] Completed initialization in 6 ms
2023-05-16 16:11:02,090 INFO com.xworkz.googlesheetconnection.GooglesheetconnectionApplication [main] Starting GooglesheetconnectionApplication using Java 1.8.0_351 on DESKTOP-FT7DFR5 with PID 20096 (C:\Users\Dell\Desktop\New folder\x-workz\googlesheetconnection\target\classes started by Dell in C:\Users\Dell\Desktop\New folder\x-workz\googlesheetconnection)
2023-05-16 16:11:02,096 DEBUG com.xworkz.googlesheetconnection.GooglesheetconnectionApplication [main] Running with Spring Boot v2.7.10, Spring v5.3.26
2023-05-16 16:11:02,098 INFO com.xworkz.googlesheetconnection.GooglesheetconnectionApplication [main] No active profile set, falling back to 1 default profile: "default"
2023-05-16 16:11:06,076 INFO org.springframework.boot.web.embedded.tomcat.TomcatWebServer [main] Tomcat initialized with port(s): 8080 (http)
2023-05-16 16:11:06,107 INFO org.apache.catalina.core.StandardService [main] Starting service [Tomcat]
2023-05-16 16:11:06,107 INFO org.apache.catalina.core.StandardEngine [main] Starting Servlet engine: [Apache Tomcat/9.0.73]
2023-05-16 16:11:06,437 INFO org.apache.catalina.core.ContainerBase.[Tomcat].[localhost].[/connection] [main] Initializing Spring embedded WebApplicationContext
2023-05-16 16:11:06,438 INFO org.springframework.boot.web.servlet.context.ServletWebServerApplicationContext [main] Root WebApplicationContext: initialization completed in 4134 ms
2023-05-16 16:11:07,697 INFO springfox.documentation.spring.web.PropertySourcedRequestMappingHandlerMapping [main] Mapped URL path [/v2/api-docs] onto method [springfox.documentation.swagger2.web.Swagger2Controller#getDocumentation(String, HttpServletRequest)]
2023-05-16 16:11:08,241 INFO org.springframework.boot.web.embedded.tomcat.TomcatWebServer [main] Tomcat started on port(s): 8080 (http) with context path '/connection'
2023-05-16 16:11:08,243 INFO springfox.documentation.spring.web.plugins.DocumentationPluginsBootstrapper [main] Context refreshed
2023-05-16 16:11:08,287 INFO springfox.documentation.spring.web.plugins.DocumentationPluginsBootstrapper [main] Found 1 custom documentation plugin(s)
2023-05-16 16:11:08,407 INFO springfox.documentation.spring.web.scanners.ApiListingReferenceScanner [main] Scanning for api listing references
2023-05-16 16:11:08,849 INFO springfox.documentation.spring.web.readers.operation.CachingOperationNameGenerator [main] Generating unique operation named: getDataUsingGET_1
2023-05-16 16:11:08,939 INFO com.xworkz.googlesheetconnection.GooglesheetconnectionApplication [main] Started GooglesheetconnectionApplication in 8.229 seconds (JVM running for 9.566)
2023-05-16 16:11:15,862 INFO org.apache.catalina.core.ContainerBase.[Tomcat].[localhost].[/connection] [http-nio-8080-exec-1] Initializing Spring DispatcherServlet 'dispatcherServlet'
2023-05-16 16:11:15,888 INFO org.springframework.web.servlet.DispatcherServlet [http-nio-8080-exec-1] Initializing Servlet 'dispatcherServlet'
2023-05-16 16:11:15,894 INFO org.springframework.web.servlet.DispatcherServlet [http-nio-8080-exec-1] Completed initialization in 3 ms
2023-05-16 16:27:09,047 INFO com.xworkz.googlesheetconnection.GooglesheetconnectionApplication [main] Starting GooglesheetconnectionApplication using Java 1.8.0_351 on DESKTOP-FT7DFR5 with PID 8112 (C:\Users\Dell\Desktop\New folder\x-workz\googlesheetconnection\target\classes started by Dell in C:\Users\Dell\Desktop\New folder\x-workz\googlesheetconnection)
2023-05-16 16:27:09,052 DEBUG com.xworkz.googlesheetconnection.GooglesheetconnectionApplication [main] Running with Spring Boot v2.7.10, Spring v5.3.26
2023-05-16 16:27:09,054 INFO com.xworkz.googlesheetconnection.GooglesheetconnectionApplication [main] No active profile set, falling back to 1 default profile: "default"
2023-05-16 16:27:13,442 INFO org.springframework.boot.web.embedded.tomcat.TomcatWebServer [main] Tomcat initialized with port(s): 8080 (http)
2023-05-16 16:27:13,470 INFO org.apache.catalina.core.StandardService [main] Starting service [Tomcat]
2023-05-16 16:27:13,471 INFO org.apache.catalina.core.StandardEngine [main] Starting Servlet engine: [Apache Tomcat/9.0.73]
2023-05-16 16:27:13,937 INFO org.apache.catalina.core.ContainerBase.[Tomcat].[localhost].[/connection] [main] Initializing Spring embedded WebApplicationContext
2023-05-16 16:27:13,938 INFO org.springframework.boot.web.servlet.context.ServletWebServerApplicationContext [main] Root WebApplicationContext: initialization completed in 4760 ms
2023-05-16 16:27:15,714 INFO springfox.documentation.spring.web.PropertySourcedRequestMappingHandlerMapping [main] Mapped URL path [/v2/api-docs] onto method [springfox.documentation.swagger2.web.Swagger2Controller#getDocumentation(String, HttpServletRequest)]
2023-05-16 16:27:16,355 INFO org.springframework.boot.web.embedded.tomcat.TomcatWebServer [main] Tomcat started on port(s): 8080 (http) with context path '/connection'
2023-05-16 16:27:16,357 INFO springfox.documentation.spring.web.plugins.DocumentationPluginsBootstrapper [main] Context refreshed
2023-05-16 16:27:16,417 INFO springfox.documentation.spring.web.plugins.DocumentationPluginsBootstrapper [main] Found 1 custom documentation plugin(s)
2023-05-16 16:27:16,564 INFO springfox.documentation.spring.web.scanners.ApiListingReferenceScanner [main] Scanning for api listing references
2023-05-16 16:27:17,094 INFO springfox.documentation.spring.web.readers.operation.CachingOperationNameGenerator [main] Generating unique operation named: getDataUsingGET_1
2023-05-16 16:27:17,214 INFO com.xworkz.googlesheetconnection.GooglesheetconnectionApplication [main] Started GooglesheetconnectionApplication in 9.445 seconds (JVM running for 10.611)
2023-05-16 16:27:22,495 INFO org.apache.catalina.core.ContainerBase.[Tomcat].[localhost].[/connection] [http-nio-8080-exec-1] Initializing Spring DispatcherServlet 'dispatcherServlet'
2023-05-16 16:27:22,498 INFO org.springframework.web.servlet.DispatcherServlet [http-nio-8080-exec-1] Initializing Servlet 'dispatcherServlet'
2023-05-16 16:27:22,501 INFO org.springframework.web.servlet.DispatcherServlet [http-nio-8080-exec-1] Completed initialization in 3 ms
